C:\USERS\JUAN CARLOS MORENO\OPDF\OPDF\DEBUG\OPDF.OBJ
C:\USERS\JUAN CARLOS MORENO\OPDF\OPDF\DEBUG\VC100.PDB
C:\USERS\JUAN CARLOS MORENO\OPDF\OPDF\DEBUG\OPDF.ILK
C:\USERS\JUAN CARLOS MORENO\OPDF\OPDF\DEBUG\OPDF.EXE
C:\USERS\JUAN CARLOS MORENO\OPDF\OPDF\DEBUG\OPDF.EXE.INTERMEDIATE.MANIFEST
C:\USERS\JUAN CARLOS MORENO\OPDF\OPDF\DEBUG\OPDF.PDB
C:\Users\Juan Carlos Moreno\Opdf\Opdf\Debug\opdf.obj
C:\Users\Juan Carlos Moreno\Opdf\Opdf\Debug\Opdf.ilk
C:\Users\Juan Carlos Moreno\Opdf\Opdf\Debug\cl.command.1.tlog
C:\Users\Juan Carlos Moreno\Opdf\Opdf\Debug\CL.read.1.tlog
C:\Users\Juan Carlos Moreno\Opdf\Opdf\Debug\CL.write.1.tlog
C:\Users\Juan Carlos Moreno\Opdf\Opdf\Debug\link.command.1.tlog
C:\Users\Juan Carlos Moreno\Opdf\Opdf\Debug\link.read.1.tlog
C:\Users\Juan Carlos Moreno\Opdf\Opdf\Debug\link.write.1.tlog
C:\Users\Juan Carlos Moreno\Opdf\Opdf\Debug\mt.command.1.tlog
C:\Users\Juan Carlos Moreno\Opdf\Opdf\Debug\mt.read.1.tlog
C:\Users\Juan Carlos Moreno\Opdf\Opdf\Debug\mt.write.1.tlog
C:\Users\Juan Carlos Moreno\Opdf\Opdf\Debug\Opdf.exe.intermediate.manifest
C:\Users\Juan Carlos Moreno\Opdf\Opdf\Debug\vc100.idb
C:\Users\Juan Carlos Moreno\Opdf\Opdf\Debug\Opdf.pdb
C:\Users\Juan Carlos Moreno\Opdf\Opdf\Debug\vc100.pdb
C:\Users\Juan Carlos Moreno\Opdf\Opdf\Debug\Opdf.exe
